#
# There is insufficient memory for the Java Runtime Environment to continue.
# Native memory allocation (mmap) failed to map 264241152 bytes for G1 virtual space
# Possible reasons:
#   The system is out of physical RAM or swap space
#   The process is running with CompressedOops enabled, and the Java Heap may be blocking the growth of the native heap
# Possible solutions:
#   Reduce memory load on the system
#   Increase physical memory or swap space
#   Check if swap backing store is full
#   Decrease Java heap size (-Xmx/-Xms)
#   Decrease number of Java threads
#   Decrease Java thread stack sizes (-Xss)
#   Set larger code cache with -XX:ReservedCodeCacheSize=
#   JVM is running with Zero Based Compressed Oops mode in which the Java heap is
#     placed in the first 32GB address space. The Java Heap base address is the
#     maximum limit for the native heap growth. Please use -XX:HeapBaseMinAddress
#     to set the Java Heap base and to place the Java Heap above 32GB virtual address.
# This output file may be truncated or incomplete.
#
#  Out of Memory Error (os_windows.cpp:3600), pid=28888, tid=28060
#
# JRE version:  (21.0.2+13) (build )
# Java VM: OpenJDK 64-Bit Server VM (21.0.2+13-58, mixed mode, sharing, tiered, compressed oops, compressed class ptrs, g1 gc, windows-amd64)
# No core dump will be written. Minidumps are not enabled by default on client versions of Windows
#

---------------  S U M M A R Y ------------

Command Line: -javaagent:C:\Users\rquiros\AppData\Local\Programs\IntelliJ IDEA Community Edition\lib\idea_rt.jar=60906:C:\Users\rquiros\AppData\Local\Programs\IntelliJ IDEA Community Edition\bin -Dfile.encoding=UTF-8 -Dsun.stdout.encoding=UTF-8 -Dsun.stderr.encoding=UTF-8 com.debuggeandoideas.companies_crud.CompaniesCrudApplication

Host: 12th Gen Intel(R) Core(TM) i7-1255U, 12 cores, 15G,  Windows 11 , 64 bit Build 22621 (10.0.22621.1928)
Time: Tue Dec 17 11:48:04 2024 Hora estándar romance elapsed time: 0.017813 seconds (0d 0h 0m 0s)

---------------  T H R E A D  ---------------

Current thread (0x000001da63b66df0):  JavaThread "Unknown thread" [_thread_in_vm, id=28060, stack(0x0000009e43e00000,0x0000009e43f00000) (1024K)]

Stack: [0x0000009e43e00000,0x0000009e43f00000]
Native frames: (J=compiled Java code, j=interpreted, Vv=VM code, C=native code)
V  [jvm.dll+0x6cade9]
V  [jvm.dll+0x8569c1]
V  [jvm.dll+0x858d2e]
V  [jvm.dll+0x859413]
V  [jvm.dll+0x280e56]
V  [jvm.dll+0x6c74d5]
V  [jvm.dll+0x6bbeca]
V  [jvm.dll+0x355bca]
V  [jvm.dll+0x35d816]
V  [jvm.dll+0x3ae67e]
V  [jvm.dll+0x3ae928]
V  [jvm.dll+0x3295dc]
V  [jvm.dll+0x32a16b]
V  [jvm.dll+0x81efa9]
V  [jvm.dll+0x3bba01]
V  [jvm.dll+0x807928]
V  [jvm.dll+0x44f50e]
V  [jvm.dll+0x450e11]
C  [jli.dll+0x52a3]
C  [ucrtbase.dll+0x29363]
C  [KERNEL32.DLL+0x126ad]
C  [ntdll.dll+0x5aa68]


---------------  P R O C E S S  ---------------

Threads class SMR info:
_java_thread_list=0x00007ffd9f15bb88, length=0, elements={
}

Java Threads: ( => current thread )
Total: 0

Other Threads:
  0x000001da63bccdc0 WorkerThread "GC Thread#0"                     [id=13864, stack(0x0000009e43f00000,0x0000009e44000000) (1024K)]
  0x000001da63bdeb10 ConcurrentGCThread "G1 Main Marker"            [id=28796, stack(0x0000009e44000000,0x0000009e44100000) (1024K)]
  0x000001da63bdf610 WorkerThread "G1 Conc#0"                       [id=21140, stack(0x0000009e44100000,0x0000009e44200000) (1024K)]

[error occurred during error reporting (printing all threads), id 0xc0000005, EXCEPTION_ACCESS_VIOLATION (0xc0000005) at pc=0x00007ffd9e8cc6a7]
VM state: not at safepoint (not fully initialized)

VM Mutex/Monitor currently owned by a thread:  ([mutex/lock_event])
[0x00007ffd9f1cce68] Heap_lock - owner thread: 0x000001da63b66df0

Heap address: 0x0000000705a00000, size: 4006 MB, Compressed Oops mode: Zero based, Oop shift amount: 3

CDS archive(s) mapped at: [0x0000000000000000-0x0000000000000000-0x0000000000000000), size 0, SharedBaseAddress: 0x0000000800000000, ArchiveRelocationMode: 1.
Narrow klass base: 0x0000000000000000, Narrow klass shift: 0, Narrow klass range: 0x0

GC Precious Log:
 CardTable entry size: 512
 Card Set container configuration: InlinePtr #cards 4 size 8 Array Of Cards #cards 16 size 48 Howl #buckets 8 coarsen threshold 3686 Howl Bitmap #cards 512 size 80 coarsen threshold 460 Card regions per heap region 1 cards per card region 4096

Heap:
 garbage-first heap   total 0K, used 0K [0x0000000705a00000, 0x0000000800000000)
  region size 2048K, 0 young (0K), 0 survivors (0K)

[error occurred during error reporting (printing heap information), id 0xc0000005, EXCEPTION_ACCESS_VIOLATION (0xc0000005) at pc=0x00007ffd9ecb39f9]
GC Heap History (0 events):
No events

Dll operation events (1 events):
Event: 0.012 Loaded shared library C:\Users\rquiros\.jdks\openjdk-21.0.2\bin\java.dll

Deoptimization events (0 events):
No events

Classes loaded (0 events):
No events

Classes unloaded (0 events):
No events

Classes redefined (0 events):
No events

Internal exceptions (0 events):
No events

ZGC Phase Switch (0 events):
No events

VM Operations (0 events):
No events

Events (0 events):
No events


Dynamic libraries:
0x00007ff641d20000 - 0x00007ff641d2e000 	C:\Users\rquiros\.jdks\openjdk-21.0.2\bin\java.exe
0x00007ffe2be30000 - 0x00007ffe2c044000 	C:\WINDOWS\SYSTEM32\ntdll.dll
0x00007ffe2aec0000 - 0x00007ffe2af82000 	C:\WINDOWS\System32\KERNEL32.DLL
0x00007ffe294f0000 - 0x00007ffe29893000 	C:\WINDOWS\System32\KERNELBASE.dll
0x00007ffe293d0000 - 0x00007ffe294e1000 	C:\WINDOWS\System32\ucrtbase.dll
0x00007ffdff490000 - 0x00007ffdff4a8000 	C:\Users\rquiros\.jdks\openjdk-21.0.2\bin\jli.dll
0x00007ffdfac70000 - 0x00007ffdfac8b000 	C:\Users\rquiros\.jdks\openjdk-21.0.2\bin\VCRUNTIME140.dll
0x00007ffe29c20000 - 0x00007ffe29dca000 	C:\WINDOWS\System32\USER32.dll
0x00007ffe293a0000 - 0x00007ffe293c6000 	C:\WINDOWS\System32\win32u.dll
0x00007ffe2adb0000 - 0x00007ffe2add9000 	C:\WINDOWS\System32\GDI32.dll
0x00007ffe07110000 - 0x00007ffe0739e000 	C:\WINDOWS\WinSxS\amd64_microsoft.windows.common-controls_6595b64144ccf1df_6.0.22621.1635_none_270f70857386168e\COMCTL32.dll
0x00007ffe29a50000 - 0x00007ffe29b69000 	C:\WINDOWS\System32\gdi32full.dll
0x00007ffe2a2e0000 - 0x00007ffe2a387000 	C:\WINDOWS\System32\msvcrt.dll
0x00007ffe29b70000 - 0x00007ffe29c0a000 	C:\WINDOWS\System32\msvcp_win.dll
0x00007ffe2b800000 - 0x00007ffe2b831000 	C:\WINDOWS\System32\IMM32.DLL
0x00007ffe0d050000 - 0x00007ffe0d05c000 	C:\Users\rquiros\.jdks\openjdk-21.0.2\bin\vcruntime140_1.dll
0x00007ffde50e0000 - 0x00007ffde516e000 	C:\Users\rquiros\.jdks\openjdk-21.0.2\bin\msvcp140.dll
0x00007ffd9e590000 - 0x00007ffd9f2a7000 	C:\Users\rquiros\.jdks\openjdk-21.0.2\bin\server\jvm.dll
0x00007ffe2b520000 - 0x00007ffe2b5ce000 	C:\WINDOWS\System32\ADVAPI32.dll
0x00007ffe2a080000 - 0x00007ffe2a124000 	C:\WINDOWS\System32\sechost.dll
0x00007ffe2bcd0000 - 0x00007ffe2bde7000 	C:\WINDOWS\System32\RPCRT4.dll
0x00007ffe2b860000 - 0x00007ffe2b8d1000 	C:\WINDOWS\System32\WS2_32.dll
0x00007ffe29100000 - 0x00007ffe2914d000 	C:\WINDOWS\SYSTEM32\POWRPROF.dll
0x00007ffe1d1f0000 - 0x00007ffe1d1fa000 	C:\WINDOWS\SYSTEM32\VERSION.dll
0x00007ffe21850000 - 0x00007ffe21884000 	C:\WINDOWS\SYSTEM32\WINMM.dll
0x00007ffe290e0000 - 0x00007ffe290f3000 	C:\WINDOWS\SYSTEM32\UMPDC.dll
0x00007ffe28230000 - 0x00007ffe28248000 	C:\WINDOWS\SYSTEM32\kernel.appcore.dll
0x00007ffe065e0000 - 0x00007ffe065ea000 	C:\Users\rquiros\.jdks\openjdk-21.0.2\bin\jimage.dll
0x00007ffe26c20000 - 0x00007ffe26e4e000 	C:\WINDOWS\SYSTEM32\DBGHELP.DLL
0x00007ffe2b940000 - 0x00007ffe2bcc9000 	C:\WINDOWS\System32\combase.dll
0x00007ffe2ade0000 - 0x00007ffe2aeb7000 	C:\WINDOWS\System32\OLEAUT32.dll
0x00007ffe0bc40000 - 0x00007ffe0bc72000 	C:\WINDOWS\SYSTEM32\dbgcore.DLL
0x00007ffe298a0000 - 0x00007ffe2991a000 	C:\WINDOWS\System32\bcryptPrimitives.dll
0x00007ffe05b50000 - 0x00007ffe05b5f000 	C:\Users\rquiros\.jdks\openjdk-21.0.2\bin\instrument.dll
0x00007ffdf8af0000 - 0x00007ffdf8b0f000 	C:\Users\rquiros\.jdks\openjdk-21.0.2\bin\java.dll

dbghelp: loaded successfully - version: 4.0.5 - missing functions: none
symbol engine: initialized successfully - sym options: 0x614 - pdb path: .;C:\Users\rquiros\.jdks\openjdk-21.0.2\bin;C:\WINDOWS\SYSTEM32;C:\WINDOWS\WinSxS\amd64_microsoft.windows.common-controls_6595b64144ccf1df_6.0.22621.1635_none_270f70857386168e;C:\Users\rquiros\.jdks\openjdk-21.0.2\bin\server

VM Arguments:
jvm_args: -javaagent:C:\Users\rquiros\AppData\Local\Programs\IntelliJ IDEA Community Edition\lib\idea_rt.jar=60906:C:\Users\rquiros\AppData\Local\Programs\IntelliJ IDEA Community Edition\bin -Dfile.encoding=UTF-8 -Dsun.stdout.encoding=UTF-8 -Dsun.stderr.encoding=UTF-8 
java_command: com.debuggeandoideas.companies_crud.CompaniesCrudApplication
java_class_path (initial): C:\Cursos\microservicios\companies-crud\target\classes;C:\Users\rquiros\.m2\repository\org\springframework\boot\spring-boot-starter-actuator\3.2.0\spring-boot-starter-actuator-3.2.0.jar;C:\Users\rquiros\.m2\repository\org\springframework\boot\spring-boot-starter\3.2.0\spring-boot-starter-3.2.0.jar;C:\Users\rquiros\.m2\repository\org\springframework\boot\spring-boot-starter-logging\3.2.0\spring-boot-starter-logging-3.2.0.jar;C:\Users\rquiros\.m2\repository\ch\qos\logback\logback-classic\1.4.11\logback-classic-1.4.11.jar;C:\Users\rquiros\.m2\repository\ch\qos\logback\logback-core\1.4.11\logback-core-1.4.11.jar;C:\Users\rquiros\.m2\repository\org\apache\logging\log4j\log4j-to-slf4j\2.21.1\log4j-to-slf4j-2.21.1.jar;C:\Users\rquiros\.m2\repository\org\apache\logging\log4j\log4j-api\2.21.1\log4j-api-2.21.1.jar;C:\Users\rquiros\.m2\repository\org\slf4j\jul-to-slf4j\2.0.9\jul-to-slf4j-2.0.9.jar;C:\Users\rquiros\.m2\repository\jakarta\annotation\jakarta.annotation-api\2.1.1\jakarta.annotation-api-2.1.1.jar;C:\Users\rquiros\.m2\repository\org\yaml\snakeyaml\2.2\snakeyaml-2.2.jar;C:\Users\rquiros\.m2\repository\org\springframework\boot\spring-boot-actuator-autoconfigure\3.2.0\spring-boot-actuator-autoconfigure-3.2.0.jar;C:\Users\rquiros\.m2\repository\org\springframework\boot\spring-boot-actuator\3.2.0\spring-boot-actuator-3.2.0.jar;C:\Users\rquiros\.m2\repository\com\fasterxml\jackson\datatype\jackson-datatype-jsr310\2.15.3\jackson-datatype-jsr310-2.15.3.jar;C:\Users\rquiros\.m2\repository\io\micrometer\micrometer-observation\1.12.0\micrometer-observation-1.12.0.jar;C:\Users\rquiros\.m2\repository\io\micrometer\micrometer-commons\1.12.0\micrometer-commons-1.12.0.jar;C:\Users\rquiros\.m2\repository\io\micrometer\micrometer-jakarta9\1.12.0\micrometer-jakarta9-1.12.0.jar;C:\Users\rquiros\.m2\repository\io\micrometer\micrometer-core\1.12.0\micrometer-core-1.12.0.jar;C:\Users\rquiros\.m2\repository\org\hdrhistogram\HdrHistogram\2.1.12\HdrHistogram-2.1.12.jar;C:\Users\rquiros\.m2\repository\org\latencyutils\LatencyUtils\2.0.3\LatencyUtils-2.0.3.jar;C:\Users\rquiros\.m2\repository\org\springframework\boot\spring-boot-starter-data-jpa\3.2.0\spring-boot-starter-data-jpa-3.2.0.jar;C:\Users\rquiros\.m2\repository\org\springframework\boot\spring-boot-starter-aop\3.2.0\spring-boot-starter-aop-3.2.0.jar;C:\Users\rquiros\.m2\repository\org\springframework\spring-aop\6.1.1\spring-aop-6.1.1.jar;C:\Users\rquiros\.m2\repository\org\aspectj\aspectjweaver\1.9.20.1\aspectjweaver-1.9.20.1.jar;C:\Users\rquiros\.m2\repository\org\springframework\boot\spring-boot-starter-jdbc\3.2.0\spring-boot-starter-jdbc-3.2.0.jar;C:\Users\rquiros\.m2\repository\com\zaxxer\HikariCP\5.0.1\HikariCP-5.0.1.jar;C:\Users\rquiros\.m2\repository\org\springframework\spring-jdbc\6.1.1\spring-jdbc-6.1.1.jar;C:\Users\rquiros\.m2\repository\org\hibernate\orm\hibernate-core\6.3.1.Final\hibernate-core-6.3.1.Final.jar;C:\Users\rquiros\.m2\repository\jakarta\persistence\jakarta.persistence-api\3.1.0\jakarta.persistence-api-3.1.0.jar;C:\Users\rquiros\.m2\repository\jakarta\transaction\jakarta.transaction-api\2.0.1\jakarta.transaction-api-2.0.1.jar;C:\Users\rquiros\.m2\repository\org\jboss\logging\jboss-logging\3.5.3.Final\jboss-logging-3.5.3.Final.jar;C:\Users\rquiros\.m2\repository\org\hibernate\common\hibernate-commons-annotations\6.0.6.Final\hibernate-commons-annotations-6.0.6.Final.jar;C:\Users\rquiros\.m2\repository\io\smallrye\jandex\3.1.2\jandex-3.1.2.jar;C:\Users\rquiros\.m2\repository\com\fasterxml\classmate\1.6.0\classmate-1.6.0.jar;C:\Users\rquiros\.m2\repository\net\bytebuddy\byte-buddy\1.14.10\byte-buddy-1.14.10.jar;C:\Users\rquiros\.m2\repository\org\glassfish\jaxb\jaxb-runtime\4.0.4\jaxb-runtime-4.0.4.jar;C:\Users\rquiros\.m2\repository\org\glassfish\jaxb\jaxb-core\4.0.4\jaxb-core-4.0.4.jar;C:\Users\rquiros\.m2\repository\org\eclipse\angus\angus-activation\2.0.1\angus-activation-2.0.1.jar;C:\Users\rquiros\.m2\repository\org\glassfish\jaxb\txw2\4.0.4\txw2-4.0.4.jar;C:\Users\rquiros\.m2\repository\com\sun\istack\istack-commons-runtime\4.1.2\istack-commons-runtime-4.1.2.jar;C:\Users\rquiros\.m2\repository\jakarta\inject\jakarta.inject-api\2.0.1\jakarta.inject-api-2.0.1.jar;C:\Users\rquiros\.m2\repository\org\antlr\antlr4-runtime\4.10.1\antlr4-runtime-4.10.1.jar;C:\Users\rquiros\.m2\repository\org\springframework\data\spring-data-jpa\3.2.0\spring-data-jpa-3.2.0.jar;C:\Users\rquiros\.m2\repository\org\springframework\data\spring-data-commons\3.2.0\spring-data-commons-3.2.0.jar;C:\Users\rquiros\.m2\repository\org\springframework\spring-orm\6.1.1\spring-orm-6.1.1.jar;C:\Users\rquiros\.m2\repository\org\springframework\spring-context\6.1.1\spring-context-6.1.1.jar;C:\Users\rquiros\.m2\repository\org\springframework\spring-tx\6.1.1\spring-tx-6.1.1.jar;C:\Users\rquiros\.m2\repository\org\springframework\spring-beans\6.1.1\spring-beans-6.1.1.jar;C:\Users\rquiros\.m2\repository\org\slf4j\slf4j-api\2.0.9\slf4j-api-2.0.9.jar;C:\Users\rquiros\.m2\repository\org\springframework\spring-aspects\6.1.1\spring-aspects-6.1.1.jar;C:\Users\rquiros\.m2\repository\org\springframework\boot\spring-boot-starter-web\3.2.0\spring-boot-starter-web-3.2.0.jar;C:\Users\rquiros\.m2\repository\org\springframework\boot\spring-boot-starter-json\3.2.0\spring-boot-starter-json-3.2.0.jar;C:\Users\rquiros\.m2\repository\com\fasterxml\jackson\datatype\jackson-datatype-jdk8\2.15.3\jackson-datatype-jdk8-2.15.3.jar;C:\Users\rquiros\.m2\repository\com\fasterxml\jackson\module\jackson-module-parameter-names\2.15.3\jackson-module-parameter-names-2.15.3.jar;C:\Users\rquiros\.m2\repository\org\springframework\boot\spring-boot-starter-tomcat\3.2.0\spring-boot-starter-tomcat-3.2.0.jar;C:\Users\rquiros\.m2\repository\org\apache\tomcat\embed\tomcat-embed-core\10.1.16\tomcat-embed-core-10.1.16.jar;C:\Users\rquiros\.m2\repository\org\apache\tomcat\embed\tomcat-embed-el\10.1.16\tomcat-embed-el-10.1.16.jar;C:\Users\rquiros\.m2\repository\org\apache\tomcat\embed\tomcat-embed-websocket\10.1.16\tomcat-embed-websocket-10.1.16.jar;C:\Users\rquiros\.m2\repository\org\springframework\spring-web\6.1.1\spring-web-6.1.1.jar;C:\Users\rquiros\.m2\repository\org\springframework\spring-webmvc\6.1.1\spring-webmvc-6.1.1.jar;C:\Users\rquiros\.m2\repository\org\springframework\spring-expression\6.1.1\spring-expression-6.1.1.jar;C:\Users\rquiros\.m2\repository\org\springframework\boot\spring-boot-devtools\3.2.0\spring-boot-devtools-3.2.0.jar;C:\Users\rquiros\.m2\repository\org\springframework\boot\spring-boot\3.2.0\spring-boot-3.2.0.jar;C:\Users\rquiros\.m2\repository\org\springframework\boot\spring-boot-autoconfigure\3.2.0\spring-boot-autoconfigure-3.2.0.jar;C:\Users\rquiros\.m2\repository\org\postgresql\postgresql\42.6.0\postgresql-42.6.0.jar;C:\Users\rquiros\.m2\repository\org\checkerframework\checker-qual\3.31.0\checker-qual-3.31.0.jar;C:\Users\rquiros\.m2\repository\org\projectlombok\lombok\1.18.30\lombok-1.18.30.jar;C:\Users\rquiros\.m2\repository\jakarta\xml\bind\jakarta.xml.bind-api\4.0.1\jakarta.xml.bind-api-4.0.1.jar;C:\Users\rquiros\.m2\repository\jakarta\activation\jakarta.activation-api\2.1.2\jakarta.activation-api-2.1.2.jar;C:\Users\rquiros\.m2\repository\org\springframework\spring-core\6.1.1\spring-core-6.1.1.jar;C:\Users\rquiros\.m2\repository\org\springframework\spring-jcl\6.1.1\spring-jcl-6.1.1.jar;C:\Users\rquiros\.m2\repository\org\springdoc\springdoc-openapi-starter-webmvc-ui\2.3.0\springdoc-openapi-starter-webmvc-ui-2.3.0.jar;C:\Users\rquiros\.m2\repository\org\springdoc\springdoc-openapi-starter-webmvc-api\2.3.0\springdoc-openapi-starter-webmvc-api-2.3.0.jar;C:\Users\rquiros\.m2\repository\org\springdoc\springdoc-openapi-starter-common\2.3.0\springdoc-openapi-starter-common-2.3.0.jar;C:\Users\rquiros\.m2\repository\io\swagger\core\v3\swagger-core-jakarta\2.2.19\swagger-core-jakarta-2.2.19.jar;C:\Users\rquiros\.m2\repository\org\apache\commons\commons-lang3\3.13.0\commons-lang3-3.13.0.jar;C:\Users\rquiros\.m2\repository\io\swagger\core\v3\swagger-annotations-jakarta\2.2.19\swagger-annotations-jakarta-2.2.19.jar;C:\Users\rquiros\.m2\repository\io\swagger\core\v3\swagger-models-jakarta\2.2.19\swagger-models-jakarta-2.2.19.jar;C:\Users\rquiros\.m2\repository\jakarta\validation\jakarta.validation-api\3.0.2\jakarta.validation-api-3.0.2.jar;C:\Users\rquiros\.m2\repository\com\fasterxml\jackson\dataformat\jackson-dataformat-yaml\2.15.3\jackson-dataformat-yaml-2.15.3.jar;C:\Users\rquiros\.m2\repository\org\webjars\swagger-ui\5.10.3\swagger-ui-5.10.3.jar;C:\Users\rquiros\.m2\repository\org\springframework\cloud\spring-cloud-starter-netflix-eureka-client\4.1.0\spring-cloud-starter-netflix-eureka-client-4.1.0.jar;C:\Users\rquiros\.m2\repository\org\springframework\cloud\spring-cloud-starter\4.1.0\spring-cloud-starter-4.1.0.jar;C:\Users\rquiros\.m2\repository\org\springframework\cloud\spring-cloud-context\4.1.0\spring-cloud-context-4.1.0.jar;C:\Users\rquiros\.m2\repository\org\springframework\security\spring-security-crypto\6.2.0\spring-security-crypto-6.2.0.jar;C:\Users\rquiros\.m2\repository\org\springframework\cloud\spring-cloud-commons\4.1.0\spring-cloud-commons-4.1.0.jar;C:\Users\rquiros\.m2\repository\org\springframework\security\spring-security-rsa\1.1.1\spring-security-rsa-1.1.1.jar;C:\Users\rquiros\.m2\repository\org\bouncycastle\bcprov-jdk18on\1.74\bcprov-jdk18on-1.74.jar;C:\Users\rquiros\.m2\repository\org\springframework\cloud\spring-cloud-netflix-eureka-client\4.1.0\spring-cloud-netflix-eureka-client-4.1.0.jar;C:\Users\rquiros\.m2\repository\org\apache\httpcomponents\client5\httpclient5\5.2.1\httpclient5-5.2.1.jar;C:\Users\rquiros\.m2\repository\org\apache\httpcomponents\core5\httpcore5\5.2.3\httpcore5-5.2.3.jar;C:\Users\rquiros\.m2\repository\org\apache\httpcomponents\core5\httpcore5-h2\5.2.3\httpcore5-h2-5.2.3.jar;C:\Users\rquiros\.m2\repository\com\netflix\eureka\eureka-client\2.0.1\eureka-client-2.0.1.jar;C:\Users\rquiros\.m2\repository\com\netflix\netflix-commons\netflix-eventbus\0.3.0\netflix-eventbus-0.3.0.jar;C:\Users\rquiros\.m2\repository\com\netflix\netflix-commons\netflix-infix\0.3.0\netflix-infix-0.3.0.jar;C:\Users\rquiros\.m2\repository\commons-jxpath\commons-jxpath\1.3\commons-jxpath-1.3.jar;C:\Users\rquiros\.m2\repository\joda-time\joda-time\2.3\joda-time-2.3.jar;C:\Users\rquiros\.m2\repository\org\antlr\antlr-runtime\3.4\antlr-runtime-3.4.jar;C:\Users\rquiros\.m2\repository\org\antlr\stringtemplate\3.2.1\stringtemplate-3.2.1.jar;C:\Users\rquiros\.m2\repository\antlr\antlr\2.7.7\antlr-2.7.7.jar;C:\Users\rquiros\.m2\repository\com\google\code\gson\gson\2.10.1\gson-2.10.1.jar;C:\Users\rquiros\.m2\repository\org\apache\commons\commons-math\2.2\commons-math-2.2.jar;C:\Users\rquiros\.m2\repository\com\thoughtworks\xstream\xstream\1.4.19\xstream-1.4.19.jar;C:\Users\rquiros\.m2\repository\io\github\x-stream\mxparser\1.2.2\mxparser-1.2.2.jar;C:\Users\rquiros\.m2\repository\xmlpull\xmlpull\1.1.3.1\xmlpull-1.1.3.1.jar;C:\Users\rquiros\.m2\repository\jakarta\ws\rs\jakarta.ws.rs-api\3.1.0\jakarta.ws.rs-api-3.1.0.jar;C:\Users\rquiros\.m2\repository\com\netflix\servo\servo-core\0.12.21\servo-core-0.12.21.jar;C:\Users\rquiros\.m2\repository\com\google\guava\guava\19.0\guava-19.0.jar;C:\Users\rquiros\.m2\repository\org\apache\httpcomponents\httpclient\4.5.3\httpclient-4.5.3.jar;C:\Users\rquiros\.m2\repository\org\apache\httpcomponents\httpcore\4.4.16\httpcore-4.4.16.jar;C:\Users\rquiros\.m2\repository\commons-codec\commons-codec\1.16.0\commons-codec-1.16.0.jar;C:\Users\rquiros\.m2\repository\commons-configuration\commons-configuration\1.10\commons-configuration-1.10.jar;C:\Users\rquiros\.m2\repository\commons-lang\commons-lang\2.6\commons-lang-2.6.jar;C:\Users\rquiros\.m2\repository\com\fasterxml\jackson\core\jackson-annotations\2.15.3\jackson-annotations-2.15.3.jar;C:\Users\rquiros\.m2\repository\com\fasterxml\jackson\core\jackson-core\2.15.3\jackson-core-2.15.3.jar;C:\Users\rquiros\.m2\repository\org\codehaus\jettison\jettison\1.4.0\jettison-1.4.0.jar;C:\Users\rquiros\.m2\repository\com\netflix\eureka\eureka-core\2.0.1\eureka-core-2.0.1.jar;C:\Users\rquiros\.m2\repository\com\fasterxml\woodstox\woodstox-core\6.2.1\woodstox-core-6.2.1.jar;C:\Users\rquiros\.m2\repository\org\codehaus\woodstox\stax2-api\4.2.1\stax2-api-4.2.1.jar;C:\Users\rquiros\.m2\repository\org\springframework\cloud\spring-cloud-starter-loadbalancer\4.1.0\spring-cloud-starter-loadbalancer-4.1.0.jar;C:\Users\rquiros\.m2\repository\org\springframework\cloud\spring-cloud-loadbalancer\4.1.0\spring-cloud-loadbalancer-4.1.0.jar;C:\Users\rquiros\.m2\repository\io\projectreactor\reactor-core\3.6.0\reactor-core-3.6.0.jar;C:\Users\rquiros\.m2\repository\org\reactivestreams\reactive-streams\1.0.4\reactive-streams-1.0.4.jar;C:\Users\rquiros\.m2\repository\io\projectreactor\addons\reactor-extra\3.5.1\reactor-extra-3.5.1.jar;C:\Users\rquiros\.m2\repository\org\springframework\boot\spring-boot-starter-cache\3.2.0\spring-boot-starter-cache-3.2.0.jar;C:\Users\rquiros\.m2\repository\org\springframework\spring-context-support\6.1.1\spring-context-support-6.1.1.jar;C:\Users\rquiros\.m2\repository\com\stoyanr\evictor\1.0.0\evictor-1.0.0.jar;C:\Users\rquiros\.m2\repository\org\springframework\cloud\spring-cloud-starter-config\4.1.0\spring-cloud-starter-config-4.1.0.jar;C:\Users\rquiros\.m2\repository\org\springframework\cloud\spring-cloud-config-client\4.1.0\spring-cloud-config-client-4.1.0.jar;C:\Users\rquiros\.m2\repository\com\fasterxml\jackson\core\jackson-databind\2.15.3\jackson-databind-2.15.3.jar
Launcher Type: SUN_STANDARD

[Global flags]
     intx CICompilerCount                          = 4                                         {product} {ergonomic}
     uint ConcGCThreads                            = 3                                         {product} {ergonomic}
     uint G1ConcRefinementThreads                  = 10                                        {product} {ergonomic}
   size_t G1HeapRegionSize                         = 2097152                                   {product} {ergonomic}
    uintx GCDrainStackTargetSize                   = 64                                        {product} {ergonomic}
   size_t InitialHeapSize                          = 264241152                                 {product} {ergonomic}
   size_t MarkStackSize                            = 4194304                                   {product} {ergonomic}
   size_t MaxHeapSize                              = 4200595456                                {product} {ergonomic}
   size_t MinHeapDeltaBytes                        = 2097152                                   {product} {ergonomic}
   size_t MinHeapSize                              = 8388608                                   {product} {ergonomic}
    uintx NonNMethodCodeHeapSize                   = 5839372                                {pd product} {ergonomic}
    uintx NonProfiledCodeHeapSize                  = 122909434                              {pd product} {ergonomic}
    uintx ProfiledCodeHeapSize                     = 122909434                              {pd product} {ergonomic}
    uintx ReservedCodeCacheSize                    = 251658240                              {pd product} {ergonomic}
     bool SegmentedCodeCache                       = true                                      {product} {ergonomic}
   size_t SoftMaxHeapSize                          = 4200595456                             {manageable} {ergonomic}
     bool UseCompressedOops                        = true                           {product lp64_product} {ergonomic}
     bool UseG1GC                                  = true                                      {product} {ergonomic}
     bool UseLargePagesIndividualAllocation        = false                                  {pd product} {ergonomic}

Logging:
Log output configuration:
 #0: stdout all=warning uptime,level,tags foldmultilines=false
 #1: stderr all=off uptime,level,tags foldmultilines=false

Environment Variables:
JAVA_HOME=C:\Program Files\Java\jdk-17.0.10
PATH=C:\WINDOWS\system32;C:\WINDOWS;C:\WINDOWS\System32\Wbem;C:\WINDOWS\System32\WindowsPowerShell\v1.0\;C:\WINDOWS\System32\OpenSSH\;C:\Program Files (x86)\Pulse Secure\VC142.CRT\X64\;C:\Program Files (x86)\Pulse Secure\VC142.CRT\X86\;C:\Program Files (x86)\Common Files\Pulse Secure\TNC Client Plugin\;C:\Program Files\Git\cmd;C:\Program Files\Java\jdk-17.0.10\bin;C:\Program Files\maven3.8.4\bin;C:\Program Files (x86)\Gpg4win\..\GnuPG\bin;C:\Users\rquiros\Downloads\lego-windows-3.7.0\;C:\Program Files\Docker\Docker\resources\bin;C:\Program Files\nodejs\;C:\Program Files (x86)\Microsoft SQL Server\160\DTS\Binn\;C:\Users\rquiros\AppData\Local\Microsoft\WindowsApps;C:\Program Files\JetBrains\IntelliJ IDEA Educational Edition 2022.2.2\bin;C:\Program Files\Java\jdk-11\bin;C:\Users\rquiros\AppData\Local\JetBrains\Toolbox\scripts;C:\Users\rquiros\AppData\Roaming\npm;C:\Users\rquiros\AppData\Local\Programs\Microsoft VS Code\bin;C:\Users\rquiros\AppData\Local\Programs\mongosh\;C:\Program Files\gradle-6.9\bin
USERNAME=rquiros
OS=Windows_NT
PROCESSOR_IDENTIFIER=Intel64 Family 6 Model 154 Stepping 4, GenuineIntel
TMP=C:\Users\rquiros\AppData\Local\Temp
TEMP=C:\Users\rquiros\AppData\Local\Temp




Periodic native trim disabled

---------------  S Y S T E M  ---------------

OS:
 Windows 11 , 64 bit Build 22621 (10.0.22621.1928)
OS uptime: 49 days 2:37 hours
Hyper-V role detected

CPU: total 12 (initial active 12) (6 cores per cpu, 2 threads per core) family 6 model 154 stepping 4 microcode 0x434, cx8, cmov, fxsr, ht, mmx, 3dnowpref, sse, sse2, sse3, ssse3, sse4.1, sse4.2, popcnt, lzcnt, tsc, tscinvbit, avx, avx2, aes, erms, clmul, bmi1, bmi2, adx, sha, fma, vzeroupper, clflush, clflushopt, clwb, hv, serialize, rdtscp, rdpid, fsrm, f16c, cet_ibt, cet_ss
Processor Information for processor 0
  Max Mhz: 1700, Current Mhz: 1700, Mhz Limit: 1700
Processor Information for processor 1
  Max Mhz: 1700, Current Mhz: 1700, Mhz Limit: 1700
Processor Information for processor 2
  Max Mhz: 1700, Current Mhz: 1700, Mhz Limit: 1700
Processor Information for processor 3
  Max Mhz: 1700, Current Mhz: 1700, Mhz Limit: 1700
Processor Information for processor 4
  Max Mhz: 1700, Current Mhz: 1558, Mhz Limit: 1700
Processor Information for processor 5
  Max Mhz: 1700, Current Mhz: 1700, Mhz Limit: 1700
Processor Information for processor 6
  Max Mhz: 1700, Current Mhz: 1700, Mhz Limit: 1700
Processor Information for processor 7
  Max Mhz: 1700, Current Mhz: 1700, Mhz Limit: 1700
Processor Information for processor 8
  Max Mhz: 1700, Current Mhz: 1700, Mhz Limit: 1700
Processor Information for processor 9
  Max Mhz: 1700, Current Mhz: 1700, Mhz Limit: 1700
Processor Information for processor 10
  Max Mhz: 1700, Current Mhz: 1558, Mhz Limit: 1700
Processor Information for processor 11
  Max Mhz: 1700, Current Mhz: 1558, Mhz Limit: 1700

Memory: 4k page, system-wide physical 16016M (1491M free)
TotalPageFile size 65168M (AvailPageFile size 106M)
current process WorkingSet (physical memory assigned to process): 11M, peak: 11M
current process commit charge ("private bytes"): 64M, peak: 316M

vm_info: OpenJDK 64-Bit Server VM (21.0.2+13-58) for windows-amd64 JRE (21.0.2+13-58), built on 2024-01-05T18:32:24Z by "mach5one" with MS VC++ 17.1 (VS2022)

END.
